build/app/intermediates/manifest_merge_blame_file/release/manifest-merger-blame-release-report.txt
1<?xml version="1.0" encoding="utf-8"?>
2<manifest xmlns:android="http://schemas.android.com/apk/res/android"
3    package="parametris.com.engdatalogger"
4    android:versionCode="4001"
5    android:versionName="1.0.0" >
6
7    <uses-sdk
8        android:minSdkVersion="16"
8-->src\main\AndroidManifest.xml
9        android:targetSdkVersion="31" />
9-->src\main\AndroidManifest.xml
10
11    <uses-permission android:name="android.permission.INTERNET" />
11-->src\main\AndroidManifest.xml:4:5-67
11-->src\main\AndroidManifest.xml:4:22-64
12    <uses-permission android:name="android.permission.READ_EXTERNAL_STORAGE" />
12-->src\main\AndroidManifest.xml:5:5-80
12-->src\main\AndroidManifest.xml:5:22-77
13    <uses-permission android:name="android.permission.WRITE_EXTERNAL_STORAGE" />
13-->src\main\AndroidManifest.xml:6:5-81
13-->src\main\AndroidManifest.xml:6:22-78
14    <uses-permission android:name="android.permission.MANAGE_EXTERNAL_STORAGE" />
14-->src\main\AndroidManifest.xml:7:5-82
14-->src\main\AndroidManifest.xml:7:22-79
15    <uses-permission android:name="android.permission.REQUEST_INSTALL_PACKAGES" />
15-->src\main\AndroidManifest.xml:8:5-83
15-->src\main\AndroidManifest.xml:8:22-80
16    <!-- https://developer.android.com/training/package-visibility -->
17    <queries>
17-->[:flutter_downloader] AndroidManifest.xml:8:5-12:15
18        <intent>
18-->[:flutter_downloader] AndroidManifest.xml:9:9-11:18
19            <action android:name="android.intent.action.VIEW" />
19-->[:flutter_downloader] AndroidManifest.xml:10:13-65
19-->[:flutter_downloader] AndroidManifest.xml:10:21-62
20        </intent>
21    </queries>
22
23    <uses-permission android:name="android.permission.WAKE_LOCK" />
23-->[androidx.work:work-runtime:2.7.1] AndroidManifest.xml:25:5-68
23-->[androidx.work:work-runtime:2.7.1] AndroidManifest.xml:25:22-65
24    <uses-permission android:name="android.permission.ACCESS_NETWORK_STATE" />
24-->[androidx.work:work-runtime:2.7.1] AndroidManifest.xml:26:5-79
24-->[androidx.work:work-runtime:2.7.1] AndroidManifest.xml:26:22-76
25    <uses-permission android:name="android.permission.RECEIVE_BOOT_COMPLETED" />
25-->[androidx.work:work-runtime:2.7.1] AndroidManifest.xml:27:5-81
25-->[androidx.work:work-runtime:2.7.1] AndroidManifest.xml:27:22-78
26    <uses-permission android:name="android.permission.FOREGROUND_SERVICE" />
26-->[androidx.work:work-runtime:2.7.1] AndroidManifest.xml:28:5-77
26-->[androidx.work:work-runtime:2.7.1] AndroidManifest.xml:28:22-74
27
28    <application
29        android:name="io.flutter.app.FlutterMultiDexApplication"
29-->src\main\AndroidManifest.xml:12:9-42
30        android:appComponentFactory="androidx.core.app.CoreComponentFactory"
30-->[androidx.core:core:1.6.0] AndroidManifest.xml:24:18-86
31        android:icon="@mipmap/ic_launcher"
31-->src\main\AndroidManifest.xml:14:9-43
32        android:label="Downloader"
32-->src\main\AndroidManifest.xml:10:9-35
33        android:requestLegacyExternalStorage="true"
33-->src\main\AndroidManifest.xml:13:8-51
34        android:usesCleartextTraffic="true" >
34-->src\main\AndroidManifest.xml:11:9-44
35        <activity
35-->src\main\AndroidManifest.xml:15:9-35:20
36            android:name="parametris.com.engdatalogger.MainActivity"
36-->src\main\AndroidManifest.xml:16:13-41
37            android:configChanges="orientation|keyboardHidden|keyboard|screenSize|smallestScreenSize|locale|layoutDirection|fontScale|screenLayout|density|uiMode"
37-->src\main\AndroidManifest.xml:20:13-163
38            android:exported="true"
38-->src\main\AndroidManifest.xml:17:13-36
39            android:hardwareAccelerated="true"
39-->src\main\AndroidManifest.xml:21:13-47
40            android:launchMode="singleTop"
40-->src\main\AndroidManifest.xml:18:13-43
41            android:theme="@style/LaunchTheme"
41-->src\main\AndroidManifest.xml:19:13-47
42            android:windowSoftInputMode="adjustResize" >
42-->src\main\AndroidManifest.xml:22:13-55
43
44            <!--
45                 Specifies an Android theme to apply to this Activity as soon as
46                 the Android process has started. This theme is visible to the user
47                 while the Flutter UI initializes. After that, this theme continues
48                 to determine the Window background behind the Flutter UI.
49            -->
50            <meta-data
50-->src\main\AndroidManifest.xml:27:13-30:17
51                android:name="io.flutter.embedding.android.NormalTheme"
51-->src\main\AndroidManifest.xml:28:15-70
52                android:resource="@style/NormalTheme" />
52-->src\main\AndroidManifest.xml:29:15-52
53
54            <intent-filter>
54-->src\main\AndroidManifest.xml:31:13-34:29
55                <action android:name="android.intent.action.MAIN" />
55-->src\main\AndroidManifest.xml:32:17-68
55-->src\main\AndroidManifest.xml:32:25-66
56
57                <category android:name="android.intent.category.LAUNCHER" />
57-->src\main\AndroidManifest.xml:33:17-76
57-->src\main\AndroidManifest.xml:33:27-74
58            </intent-filter>
59        </activity>
60
61        <provider
62            android:name="vn.hunghd.flutterdownloader.DownloadedFileProvider"
62-->src\main\AndroidManifest.xml:37:13-78
63            android:authorities="parametris.com.engdatalogger.flutter_downloader.provider"
63-->src\main\AndroidManifest.xml:38:13-79
64            android:exported="false"
64-->src\main\AndroidManifest.xml:39:13-37
65            android:grantUriPermissions="true" >
65-->src\main\AndroidManifest.xml:40:13-47
66            <meta-data
66-->src\main\AndroidManifest.xml:41:13-43:57
67                android:name="android.support.FILE_PROVIDER_PATHS"
67-->src\main\AndroidManifest.xml:42:17-67
68                android:resource="@xml/provider_paths" />
68-->src\main\AndroidManifest.xml:43:17-55
69        </provider>
70        <!-- Begin FlutterDownloader customization -->
71        <!-- disable default Initializer -->
72        <provider
73            android:name="androidx.startup.InitializationProvider"
73-->src\main\AndroidManifest.xml:48:12-66
74            android:authorities="parametris.com.engdatalogger.androidx-startup"
74-->src\main\AndroidManifest.xml:49:12-67
75            android:exported="false" >
75-->src\main\AndroidManifest.xml:50:12-36
76        </provider>
77
78        <!-- declare customized Initializer -->
79        <provider
80            android:name="vn.hunghd.flutterdownloader.FlutterDownloaderInitializer"
80-->src\main\AndroidManifest.xml:60:12-83
81            android:authorities="parametris.com.engdatalogger.flutter-downloader-init"
81-->src\main\AndroidManifest.xml:61:12-74
82            android:exported="false" >
82-->src\main\AndroidManifest.xml:62:12-36
83
84            <!-- changes this number to configure the maximum number of concurrent tasks -->
85            <meta-data
85-->src\main\AndroidManifest.xml:64:12-66:36
86                android:name="vn.hunghd.flutterdownloader.MAX_CONCURRENT_TASKS"
86-->src\main\AndroidManifest.xml:65:16-79
87                android:value="5" />
87-->src\main\AndroidManifest.xml:66:16-33
88        </provider>
89        <!-- End FlutterDownloader customization -->
90
91
92        <!--
93             Don't delete the meta-data below.
94             This is used by the Flutter tool to generate GeneratedPluginRegistrant.java
95        -->
96        <meta-data
96-->src\main\AndroidManifest.xml:72:9-74:33
97            android:name="flutterEmbedding"
97-->src\main\AndroidManifest.xml:73:13-44
98            android:value="2" />
98-->src\main\AndroidManifest.xml:74:13-30
99
100        <uses-library
100-->[androidx.window:window:1.0.0-beta04] AndroidManifest.xml:25:9-27:40
101            android:name="androidx.window.extensions"
101-->[androidx.window:window:1.0.0-beta04] AndroidManifest.xml:26:13-54
102            android:required="false" />
102-->[androidx.window:window:1.0.0-beta04] AndroidManifest.xml:27:13-37
103        <uses-library
103-->[androidx.window:window:1.0.0-beta04] AndroidManifest.xml:28:9-30:40
104            android:name="androidx.window.sidecar"
104-->[androidx.window:window:1.0.0-beta04] AndroidManifest.xml:29:13-51
105            android:required="false" />
105-->[androidx.window:window:1.0.0-beta04] AndroidManifest.xml:30:13-37
106
107        <service
107-->[androidx.work:work-runtime:2.7.1] AndroidManifest.xml:41:9-46:35
108            android:name="androidx.work.impl.background.systemalarm.SystemAlarmService"
108-->[androidx.work:work-runtime:2.7.1] AndroidManifest.xml:42:13-88
109            android:directBootAware="false"
109-->[androidx.work:work-runtime:2.7.1] AndroidManifest.xml:43:13-44
110            android:enabled="@bool/enable_system_alarm_service_default"
110-->[androidx.work:work-runtime:2.7.1] AndroidManifest.xml:44:13-72
111            android:exported="false" />
111-->[androidx.work:work-runtime:2.7.1] AndroidManifest.xml:45:13-37
112        <service
112-->[androidx.work:work-runtime:2.7.1] AndroidManifest.xml:47:9-53:35
113            android:name="androidx.work.impl.background.systemjob.SystemJobService"
113-->[androidx.work:work-runtime:2.7.1] AndroidManifest.xml:48:13-84
114            android:directBootAware="false"
114-->[androidx.work:work-runtime:2.7.1] AndroidManifest.xml:49:13-44
115            android:enabled="@bool/enable_system_job_service_default"
115-->[androidx.work:work-runtime:2.7.1] AndroidManifest.xml:50:13-70
116            android:exported="true"
116-->[androidx.work:work-runtime:2.7.1] AndroidManifest.xml:51:13-36
117            android:permission="android.permission.BIND_JOB_SERVICE" />
117-->[androidx.work:work-runtime:2.7.1] AndroidManifest.xml:52:13-69
118        <service
118-->[androidx.work:work-runtime:2.7.1] AndroidManifest.xml:54:9-59:35
119            android:name="androidx.work.impl.foreground.SystemForegroundService"
119-->[androidx.work:work-runtime:2.7.1] AndroidManifest.xml:55:13-81
120            android:directBootAware="false"
120-->[androidx.work:work-runtime:2.7.1] AndroidManifest.xml:56:13-44
121            android:enabled="@bool/enable_system_foreground_service_default"
121-->[androidx.work:work-runtime:2.7.1] AndroidManifest.xml:57:13-77
122            android:exported="false" />
122-->[androidx.work:work-runtime:2.7.1] AndroidManifest.xml:58:13-37
123
124        <receiver
124-->[androidx.work:work-runtime:2.7.1] AndroidManifest.xml:61:9-66:35
125            android:name="androidx.work.impl.utils.ForceStopRunnable$BroadcastReceiver"
125-->[androidx.work:work-runtime:2.7.1] AndroidManifest.xml:62:13-88
126            android:directBootAware="false"
126-->[androidx.work:work-runtime:2.7.1] AndroidManifest.xml:63:13-44
127            android:enabled="true"
127-->[androidx.work:work-runtime:2.7.1] AndroidManifest.xml:64:13-35
128            android:exported="false" />
128-->[androidx.work:work-runtime:2.7.1] AndroidManifest.xml:65:13-37
129        <receiver
129-->[androidx.work:work-runtime:2.7.1] AndroidManifest.xml:67:9-77:20
130            android:name="androidx.work.impl.background.systemalarm.ConstraintProxy$BatteryChargingProxy"
130-->[androidx.work:work-runtime:2.7.1] AndroidManifest.xml:68:13-106
131            android:directBootAware="false"
131-->[androidx.work:work-runtime:2.7.1] AndroidManifest.xml:69:13-44
132            android:enabled="false"
132-->[androidx.work:work-runtime:2.7.1] AndroidManifest.xml:70:13-36
133            android:exported="false" >
133-->[androidx.work:work-runtime:2.7.1] AndroidManifest.xml:71:13-37
134            <intent-filter>
134-->[androidx.work:work-runtime:2.7.1] AndroidManifest.xml:73:13-76:29
135                <action android:name="android.intent.action.ACTION_POWER_CONNECTED" />
135-->[androidx.work:work-runtime:2.7.1] AndroidManifest.xml:74:17-87
135-->[androidx.work:work-runtime:2.7.1] AndroidManifest.xml:74:25-84
136                <action android:name="android.intent.action.ACTION_POWER_DISCONNECTED" />
136-->[androidx.work:work-runtime:2.7.1] AndroidManifest.xml:75:17-90
136-->[androidx.work:work-runtime:2.7.1] AndroidManifest.xml:75:25-87
137            </intent-filter>
138        </receiver>
139        <receiver
139-->[androidx.work:work-runtime:2.7.1] AndroidManifest.xml:78:9-88:20
140            android:name="androidx.work.impl.background.systemalarm.ConstraintProxy$BatteryNotLowProxy"
140-->[androidx.work:work-runtime:2.7.1] AndroidManifest.xml:79:13-104
141            android:directBootAware="false"
141-->[androidx.work:work-runtime:2.7.1] AndroidManifest.xml:80:13-44
142            android:enabled="false"
142-->[androidx.work:work-runtime:2.7.1] AndroidManifest.xml:81:13-36
143            android:exported="false" >
143-->[androidx.work:work-runtime:2.7.1] AndroidManifest.xml:82:13-37
144            <intent-filter>
144-->[androidx.work:work-runtime:2.7.1] AndroidManifest.xml:84:13-87:29
145                <action android:name="android.intent.action.BATTERY_OKAY" />
145-->[androidx.work:work-runtime:2.7.1] AndroidManifest.xml:85:17-77
145-->[androidx.work:work-runtime:2.7.1] AndroidManifest.xml:85:25-74
146                <action android:name="android.intent.action.BATTERY_LOW" />
146-->[androidx.work:work-runtime:2.7.1] AndroidManifest.xml:86:17-76
146-->[androidx.work:work-runtime:2.7.1] AndroidManifest.xml:86:25-73
147            </intent-filter>
148        </receiver>
149        <receiver
149-->[androidx.work:work-runtime:2.7.1] AndroidManifest.xml:89:9-99:20
150            android:name="androidx.work.impl.background.systemalarm.ConstraintProxy$StorageNotLowProxy"
150-->[androidx.work:work-runtime:2.7.1] AndroidManifest.xml:90:13-104
151            android:directBootAware="false"
151-->[androidx.work:work-runtime:2.7.1] AndroidManifest.xml:91:13-44
152            android:enabled="false"
152-->[androidx.work:work-runtime:2.7.1] AndroidManifest.xml:92:13-36
153            android:exported="false" >
153-->[androidx.work:work-runtime:2.7.1] AndroidManifest.xml:93:13-37
154            <intent-filter>
154-->[androidx.work:work-runtime:2.7.1] AndroidManifest.xml:95:13-98:29
155                <action android:name="android.intent.action.DEVICE_STORAGE_LOW" />
155-->[androidx.work:work-runtime:2.7.1] AndroidManifest.xml:96:17-83
155-->[androidx.work:work-runtime:2.7.1] AndroidManifest.xml:96:25-80
156                <action android:name="android.intent.action.DEVICE_STORAGE_OK" />
156-->[androidx.work:work-runtime:2.7.1] AndroidManifest.xml:97:17-82
156-->[androidx.work:work-runtime:2.7.1] AndroidManifest.xml:97:25-79
157            </intent-filter>
158        </receiver>
159        <receiver
159-->[androidx.work:work-runtime:2.7.1] AndroidManifest.xml:100:9-109:20
160            android:name="androidx.work.impl.background.systemalarm.ConstraintProxy$NetworkStateProxy"
160-->[androidx.work:work-runtime:2.7.1] AndroidManifest.xml:101:13-103
161            android:directBootAware="false"
161-->[androidx.work:work-runtime:2.7.1] AndroidManifest.xml:102:13-44
162            android:enabled="false"
162-->[androidx.work:work-runtime:2.7.1] AndroidManifest.xml:103:13-36
163            android:exported="false" >
163-->[androidx.work:work-runtime:2.7.1] AndroidManifest.xml:104:13-37
164            <intent-filter>
164-->[androidx.work:work-runtime:2.7.1] AndroidManifest.xml:106:13-108:29
165                <action android:name="android.net.conn.CONNECTIVITY_CHANGE" />
165-->[androidx.work:work-runtime:2.7.1] AndroidManifest.xml:107:17-79
165-->[androidx.work:work-runtime:2.7.1] AndroidManifest.xml:107:25-76
166            </intent-filter>
167        </receiver>
168        <receiver
168-->[androidx.work:work-runtime:2.7.1] AndroidManifest.xml:110:9-121:20
169            android:name="androidx.work.impl.background.systemalarm.RescheduleReceiver"
169-->[androidx.work:work-runtime:2.7.1] AndroidManifest.xml:111:13-88
170            android:directBootAware="false"
170-->[androidx.work:work-runtime:2.7.1] AndroidManifest.xml:112:13-44
171            android:enabled="false"
171-->[androidx.work:work-runtime:2.7.1] AndroidManifest.xml:113:13-36
172            android:exported="false" >
172-->[androidx.work:work-runtime:2.7.1] AndroidManifest.xml:114:13-37
173            <intent-filter>
173-->[androidx.work:work-runtime:2.7.1] AndroidManifest.xml:116:13-120:29
174                <action android:name="android.intent.action.BOOT_COMPLETED" />
174-->[androidx.work:work-runtime:2.7.1] AndroidManifest.xml:117:17-79
174-->[androidx.work:work-runtime:2.7.1] AndroidManifest.xml:117:25-76
175                <action android:name="android.intent.action.TIME_SET" />
175-->[androidx.work:work-runtime:2.7.1] AndroidManifest.xml:118:17-73
175-->[androidx.work:work-runtime:2.7.1] AndroidManifest.xml:118:25-70
176                <action android:name="android.intent.action.TIMEZONE_CHANGED" />
176-->[androidx.work:work-runtime:2.7.1] AndroidManifest.xml:119:17-81
176-->[androidx.work:work-runtime:2.7.1] AndroidManifest.xml:119:25-78
177            </intent-filter>
178        </receiver>
179        <receiver
179-->[androidx.work:work-runtime:2.7.1] AndroidManifest.xml:122:9-131:20
180            android:name="androidx.work.impl.background.systemalarm.ConstraintProxyUpdateReceiver"
180-->[androidx.work:work-runtime:2.7.1] AndroidManifest.xml:123:13-99
181            android:directBootAware="false"
181-->[androidx.work:work-runtime:2.7.1] AndroidManifest.xml:124:13-44
182            android:enabled="@bool/enable_system_alarm_service_default"
182-->[androidx.work:work-runtime:2.7.1] AndroidManifest.xml:125:13-72
183            android:exported="false" >
183-->[androidx.work:work-runtime:2.7.1] AndroidManifest.xml:126:13-37
184            <intent-filter>
184-->[androidx.work:work-runtime:2.7.1] AndroidManifest.xml:128:13-130:29
185                <action android:name="androidx.work.impl.background.systemalarm.UpdateProxies" />
185-->[androidx.work:work-runtime:2.7.1] AndroidManifest.xml:129:17-98
185-->[androidx.work:work-runtime:2.7.1] AndroidManifest.xml:129:25-95
186            </intent-filter>
187        </receiver>
188        <receiver
188-->[androidx.work:work-runtime:2.7.1] AndroidManifest.xml:132:9-142:20
189            android:name="androidx.work.impl.diagnostics.DiagnosticsReceiver"
189-->[androidx.work:work-runtime:2.7.1] AndroidManifest.xml:133:13-78
190            android:directBootAware="false"
190-->[androidx.work:work-runtime:2.7.1] AndroidManifest.xml:134:13-44
191            android:enabled="true"
191-->[androidx.work:work-runtime:2.7.1] AndroidManifest.xml:135:13-35
192            android:exported="true"
192-->[androidx.work:work-runtime:2.7.1] AndroidManifest.xml:136:13-36
193            android:permission="android.permission.DUMP" >
193-->[androidx.work:work-runtime:2.7.1] AndroidManifest.xml:137:13-57
194            <intent-filter>
194-->[androidx.work:work-runtime:2.7.1] AndroidManifest.xml:139:13-141:29
195                <action android:name="androidx.work.diagnostics.REQUEST_DIAGNOSTICS" />
195-->[androidx.work:work-runtime:2.7.1] AndroidManifest.xml:140:17-88
195-->[androidx.work:work-runtime:2.7.1] AndroidManifest.xml:140:25-85
196            </intent-filter>
197        </receiver>
198
199        <service
199-->[androidx.room:room-runtime:2.2.5] AndroidManifest.xml:25:9-28:40
200            android:name="androidx.room.MultiInstanceInvalidationService"
200-->[androidx.room:room-runtime:2.2.5] AndroidManifest.xml:26:13-74
201            android:directBootAware="true"
201-->[androidx.room:room-runtime:2.2.5] AndroidManifest.xml:27:13-43
202            android:exported="false" />
202-->[androidx.room:room-runtime:2.2.5] AndroidManifest.xml:28:13-37
203    </application>
204
205</manifest>